<?xml version="1.0" encoding="UTF-8"?>
<!-- Generated by org.testng.reporters.JUnitReportReporter -->
<testsuite hostname="SOUBHAGYA-PC" failures="0" tests="1" name="TestNG.GreenKartE2E.selectVegetablesToCart" time="11.648" errors="0" timestamp="13 Feb 2022 15:29:21 GMT">
  <testcase classname="TestNG.GreenKartE2E.selectVegetablesToCart" name="addVegetablesToCart" time="11.648"/>
</testsuite> <!-- TestNG.GreenKartE2E.selectVegetablesToCart -->
