<?xml version="1.0" encoding="UTF-8"?>
<!-- Generated by org.testng.reporters.JUnitReportReporter -->
<testsuite hostname="SOUBHAGYA-PC" failures="0" tests="1" name="File.FileUploadandDownload.UploadFileUsingSendkeys" time="58.207" errors="0" timestamp="13 Mar 2022 15:26:33 GMT">
  <testcase classname="File.FileUploadandDownload.UploadFileUsingSendkeys" name="UploadFilePlusSendKeys" time="58.207"/>
</testsuite> <!-- File.FileUploadandDownload.UploadFileUsingSendkeys -->
