<?xml version="1.0" encoding="UTF-8"?>
<!-- Generated by org.testng.reporters.JUnitReportReporter -->
<testsuite hostname="SOUBHAGYA-PC" failures="0" tests="1" name="TestNG.GreenKartE2E.selectVegetables" time="17.703" errors="0" timestamp="13 Feb 2022 14:23:24 GMT">
  <testcase classname="TestNG.GreenKartE2E.selectVegetables" name="addVegetablesToCart" time="17.703"/>
</testsuite> <!-- TestNG.GreenKartE2E.selectVegetables -->
