<?xml version="1.0" encoding="UTF-8"?>
<!-- Generated by org.testng.reporters.JUnitReportReporter -->
<testsuite hostname="SOUBHAGYA-PC" failures="0" tests="1" name="TestNGPractice.E2ETesting.validateTitle" time="49.907" errors="0" timestamp="2022-02-07T20:06:27 IST" skipped="0">
  <testcase classname="TestNGPractice.E2ETesting.validateTitle" name="basePageNavigation" time="49.907"/>
  <system-out>
    <![CDATA[Driver is initialized
Navigated to Home Page
Successfully validated text message]]>
  </system-out>
</testsuite> <!-- TestNGPractice.E2ETesting.validateTitle -->
