<?xml version="1.0" encoding="UTF-8"?>
<!-- Generated by org.testng.reporters.JUnitReportReporter -->
<testsuite hostname="SOUBHAGYA-PC" failures="0" tests="1" name="TestNGPractice.E2ETesting.validateNavigationBar" time="50.022" errors="0" timestamp="2022-02-07T20:06:27 IST" skipped="0">
  <testcase classname="TestNGPractice.E2ETesting.validateNavigationBar" name="basePageNavigation" time="50.022"/>
  <system-out>
    <![CDATA[Driver is initialized
Navigated to Home Page
Navigate Bar is displayed]]>
  </system-out>
</testsuite> <!-- TestNGPractice.E2ETesting.validateNavigationBar -->
