<?xml version="1.0" encoding="UTF-8"?>
<!-- Generated by org.testng.reporters.JUnitReportReporter -->
<testsuite hostname="SOUBHAGYA-PC" failures="0" tests="1" name="TestNG.GreenKartE2E.coreNavigator" time="2.834" errors="0" timestamp="20 Feb 2022 12:48:42 GMT">
  <testcase classname="TestNG.GreenKartE2E.coreNavigator" name="PageNavigation" time="2.834"/>
</testsuite> <!-- TestNG.GreenKartE2E.coreNavigator -->
