<?xml version="1.0" encoding="UTF-8"?>
<!-- Generated by org.testng.reporters.JUnitReportReporter -->
<testsuite hostname="SOUBHAGYA-PC" failures="0" tests="1" name="TestNGPractice.E2ETesting.HomePage" time="63.718" errors="0" timestamp="2022-02-07T20:06:27 IST" skipped="0">
  <testcase classname="TestNGPractice.E2ETesting.HomePage" name="basePageNavigation" time="63.718"/>
  <system-out>
    <![CDATA[Driver is initialized
Navigated to Home Page
User Login with Invalid credentials]]>
  </system-out>
</testsuite> <!-- TestNGPractice.E2ETesting.HomePage -->
