<?xml version="1.0" encoding="UTF-8"?>
<!-- Generated by org.testng.reporters.JUnitReportReporter -->
<testsuite hostname="SOUBHAGYA-PC" failures="0" tests="1" name="FlightBookingE2E.FlightBooking.baseNavigation" time="5.003" errors="0" timestamp="13 Mar 2022 13:39:26 GMT">
  <testcase classname="FlightBookingE2E.FlightBooking.baseNavigation" name="PageNavigation" time="5.003"/>
</testsuite> <!-- FlightBookingE2E.FlightBooking.baseNavigation -->
