<?xml version="1.0" encoding="UTF-8"?>
<!-- Generated by org.testng.reporters.JUnitReportReporter -->
<testsuite hostname="SOUBHAGYA-PC" failures="0" tests="1" name="File.FileUploadandDownload.DownLoadFileUsingChromeOptionsClass" time="49.238" errors="0" timestamp="13 Mar 2022 16:00:26 GMT">
  <testcase classname="File.FileUploadandDownload.DownLoadFileUsingChromeOptionsClass" name="UploadFilePlusRobot" time="49.238"/>
</testsuite> <!-- File.FileUploadandDownload.DownLoadFileUsingChromeOptionsClass -->
