<?xml version="1.0" encoding="UTF-8"?>
<!-- Generated by org.testng.reporters.JUnitReportReporter -->
<testsuite hostname="SOUBHAGYA-PC" failures="0" tests="1" name="File.FileUploadandDownload.UploadFileUsingRobot" time="36.237" errors="0" timestamp="13 Mar 2022 15:44:02 GMT">
  <testcase classname="File.FileUploadandDownload.UploadFileUsingRobot" name="UploadFilePlusRobot" time="36.237"/>
</testsuite> <!-- File.FileUploadandDownload.UploadFileUsingRobot -->
