<?xml version="1.0" encoding="UTF-8"?>
<!-- Generated by org.testng.reporters.JUnitReportReporter -->
<testsuite hostname="SOUBHAGYA-PC" failures="0" tests="1" name="TestNGPractice.E2ETesting.HomePage" time="51.038" errors="0" timestamp="7 Feb 2022 14:41:08 GMT">
  <testcase classname="TestNGPractice.E2ETesting.HomePage" name="basePageNavigation" time="51.038"/>
</testsuite> <!-- TestNGPractice.E2ETesting.HomePage -->
