<?xml version="1.0" encoding="UTF-8"?>
<!-- Generated by org.testng.reporters.JUnitReportReporter -->
<testsuite hostname="SOUBHAGYA-PC" failures="0" tests="1" name="TestNGPractice.E2ETesting.validateNavigationBar" time="37.322" errors="0" timestamp="7 Feb 2022 14:41:08 GMT">
  <testcase classname="TestNGPractice.E2ETesting.validateNavigationBar" name="basePageNavigation" time="37.322"/>
</testsuite> <!-- TestNGPractice.E2ETesting.validateNavigationBar -->
